<?xml version="1.0" encoding="UTF-8"?>
<testsuite name="unitTests.SonarQubeTest" tests="2" skipped="0" failures="0" errors="0" timestamp="2023-11-15T05:45:03" hostname="KOR-C-0073N" time="0.026">
  <properties/>
  <testcase name="teststageSonarAnalysisWithBat" classname="unitTests.SonarQubeTest" time="0.024"/>
  <testcase name="teststageSonarAnalysisWithsh" classname="unitTests.SonarQubeTest" time="0.001"/>
  <system-out><![CDATA[mock.stage: Sonar Analysis
mock.echo: INFO: SONAR ANALYSIS STAGE
mock.echo: INFO: sonarPropertyFilePath : sonar.properties
mock.withSonarQubeEnv: SonarQube
mock.sh: 
                    sonar-scanner -Dproject.settings=sonar.properties
                
mock.stage: Sonar Analysis
mock.echo: INFO: SONAR ANALYSIS STAGE
mock.echo: INFO: sonarPropertyFilePath : sonar.properties
mock.withSonarQubeEnv: SonarQube
mock.sh: 
                    sonar-scanner -Dproject.settings=sonar.properties
                
]]></system-out>
  <system-err><![CDATA[]]></system-err>
</testsuite>
