<?xml version="1.0" encoding="UTF-8"?>
<testsuite name="unitTests.CommonGitStagesTest" tests="5" skipped="0" failures="0" errors="0" timestamp="2023-11-15T05:45:03" hostname="KOR-C-0073N" time="0.171">
  <properties/>
  <testcase name="testStageCheckoutBranch" classname="unitTests.CommonGitStagesTest" time="0.154"/>
  <testcase name="testStageCheckoutCountOne" classname="unitTests.CommonGitStagesTest" time="0.003"/>
  <testcase name="testStageCheckoutCountTwo" classname="unitTests.CommonGitStagesTest" time="0.005"/>
  <testcase name="testStageCheckoutUrl" classname="unitTests.CommonGitStagesTest" time="0.004"/>
  <testcase name="testStageCheckoutCredentialID" classname="unitTests.CommonGitStagesTest" time="0.005"/>
  <system-out><![CDATA[mock.stage: Checkout
mock.echo: INFO: env : [CHECKOUT_URL_1:https://domain/gitrepo_1.git, CHECKOUT_BRANCH_1:branch_1, CHECKOUT_CREDENTIALS_ID_1:credential_1, CHECKOUT_URL_2:https://domain/gitrepo_2.git, CHECKOUT_BRANCH_2:null, CHECKOUT_CREDENTIALS_ID_2:credential_2, CHECKOUT_COUNT:2]
mock.echo: INFO: url : https://domain/gitrepo_1.git
mock.echo: INFO: Running parameterized checkout
mock.echo: INFO: Url: https://domain/gitrepo_1.git
mock.echo: INFO: Branch: branch_1
mock.checkout
mock.echo: INFO: Checkout complete
mock.echo: INFO: url : https://domain/gitrepo_2.git
mock.echo: INFO: Running parameterized checkout
mock.echo: INFO: Url: https://domain/gitrepo_2.git
mock.echo: INFO: Branch: master
mock.checkout
mock.echo: INFO: Checkout complete
mock.stage: Checkout
mock.echo: INFO: env : [CHECKOUT_URL_1:https://domain/gitrepo.git, CHECKOUT_BRANCH_1:master, CHECKOUT_CREDENTIALS_ID_1:credential, CHECKOUT_COUNT:1]
mock.echo: INFO: url : https://domain/gitrepo.git
mock.echo: INFO: Running parameterized checkout
mock.echo: INFO: Url: https://domain/gitrepo.git
mock.echo: INFO: Branch: master
mock.checkout
mock.echo: INFO: Checkout complete
mock.stage: Checkout
mock.echo: INFO: env : [CHECKOUT_URL_1:https://domain/gitrepo.git, CHECKOUT_BRANCH_1:master, CHECKOUT_CREDENTIALS_ID_1:credential, CHECKOUT_COUNT:2]
mock.echo: INFO: url : https://domain/gitrepo.git
mock.echo: INFO: Running parameterized checkout
mock.echo: INFO: Url: https://domain/gitrepo.git
mock.echo: INFO: Branch: master
mock.checkout
mock.echo: INFO: Checkout complete
mock.echo: INFO: checkout url not provided, so checkout scm is triggered
mock.echo: INFO: Running standard checkout
mock.checkout
mock.echo: INFO: Checkout complete
mock.stage: Checkout
mock.echo: INFO: env : [CHECKOUT_URL_1:https://domain/gitrepo_1.git, CHECKOUT_BRANCH_1:master, CHECKOUT_CREDENTIALS_ID_1:credential, CHECKOUT_URL_2:https://domain/gitrepo_2.git, CHECKOUT_BRANCH_2:master, CHECKOUT_CREDENTIALS_ID_2:credential, CHECKOUT_COUNT:2]
mock.echo: INFO: url : https://domain/gitrepo_1.git
mock.echo: INFO: Running parameterized checkout
mock.echo: INFO: Url: https://domain/gitrepo_1.git
mock.echo: INFO: Branch: master
mock.checkout
mock.echo: INFO: Checkout complete
mock.echo: INFO: url : https://domain/gitrepo_2.git
mock.echo: INFO: Running parameterized checkout
mock.echo: INFO: Url: https://domain/gitrepo_2.git
mock.echo: INFO: Branch: master
mock.checkout
mock.echo: INFO: Checkout complete
mock.stage: Checkout
mock.echo: INFO: env : [CHECKOUT_URL_1:https://domain/gitrepo_1.git, CHECKOUT_BRANCH_1:branch_1, CHECKOUT_CREDENTIALS_ID_1:credential_1, CHECKOUT_URL_2:https://domain/gitrepo_2.git, CHECKOUT_BRANCH_2:null, CHECKOUT_CREDENTIALS_ID_2:credential_2, CHECKOUT_COUNT:2]
mock.echo: INFO: url : https://domain/gitrepo_1.git
mock.echo: INFO: Running parameterized checkout
mock.echo: INFO: Url: https://domain/gitrepo_1.git
mock.echo: INFO: Branch: branch_1
mock.checkout
mock.echo: INFO: Checkout complete
mock.echo: INFO: url : https://domain/gitrepo_2.git
mock.echo: INFO: Running parameterized checkout
mock.echo: INFO: Url: https://domain/gitrepo_2.git
mock.echo: INFO: Branch: master
mock.checkout
mock.echo: INFO: Checkout complete
]]></system-out>
  <system-err><![CDATA[]]></system-err>
</testsuite>
